<?xml version="1.0" encoding="utf-8"?><testsuites name="pytest tests"><testsuite name="pytest" errors="0" failures="0" skipped="0" tests="15" time="3.514" timestamp="2026-04-18T22:23:17.807549+00:00" hostname="agent-env-c4f83eb9-45d5-4c9e-a931-d9a67c71b2b6"><testcase classname="backend.tests.backend_test.TestAdminAuth" name="test_login_success" time="0.271" /><testcase classname="backend.tests.backend_test.TestAdminAuth" name="test_login_fail" time="0.151" /><testcase classname="backend.tests.backend_test.TestAdminAuth" name="test_protected_requires_auth" time="0.161" /><testcase classname="backend.tests.backend_test.TestAdminStats" name="test_get_stats" time="0.331" /><testcase classname="backend.tests.backend_test.TestAdminOrders" name="test_list_orders" time="0.172" /><testcase classname="backend.tests.backend_test.TestAdminOrders" name="test_list_with_status_filter" time="0.122" /><testcase classname="backend.tests.backend_test.TestAdminOrders" name="test_search" time="0.112" /><testcase classname="backend.tests.backend_test.TestAdminPricing" name="test_get_pricing" time="0.202" /><testcase classname="backend.tests.backend_test.TestAdminPricing" name="test_update_pricing_persists" time="0.465" /><testcase classname="backend.tests.backend_test.TestDeliveryFees" name="test_get_fees" time="0.129" /><testcase classname="backend.tests.backend_test.TestDeliveryFees" name="test_update_fee" time="0.119" /><testcase classname="backend.tests.backend_test.TestEcommerce" name="test_delivery_fee_public" time="0.124" /><testcase classname="backend.tests.backend_test.TestEcommerce" name="test_create_checkout_session" time="0.779" /><testcase classname="backend.tests.backend_test.TestEcommerce" name="test_order_appears_in_admin" time="0.138" /><testcase classname="backend.tests.backend_test.TestEcommerce" name="test_invalid_material_rejected" time="0.160" /></testsuite></testsuites>